<?xml version="1.0" encoding="utf-8"?><testsuites name="pytest tests"><testsuite name="pytest" errors="0" failures="0" skipped="0" tests="10" time="1.150" timestamp="2026-05-28T19:00:31.681557+00:00" hostname="agent-env-4b5a2ee4-b46a-440f-bb59-78c5759f8d4e"><testcase classname="backend.tests.test_portfolio_api.TestHealth" name="test_root" time="0.257" /><testcase classname="backend.tests.test_portfolio_api.TestHealth" name="test_health" time="0.059" /><testcase classname="backend.tests.test_portfolio_api.TestContact" name="test_create_contact_success" time="0.283" /><testcase classname="backend.tests.test_portfolio_api.TestContact" name="test_create_contact_minimal" time="0.151" /><testcase classname="backend.tests.test_portfolio_api.TestContact" name="test_invalid_email" time="0.057" /><testcase classname="backend.tests.test_portfolio_api.TestContact" name="test_missing_name" time="0.059" /><testcase classname="backend.tests.test_portfolio_api.TestContact" name="test_missing_email" time="0.050" /><testcase classname="backend.tests.test_portfolio_api.TestContact" name="test_missing_message" time="0.055" /><testcase classname="backend.tests.test_portfolio_api.TestContact" name="test_empty_name" time="0.053" /><testcase classname="backend.tests.test_portfolio_api.TestContact" name="test_list_contact" time="0.054" /></testsuite></testsuites>